No path specified. Models will be saved in: "AutogluonModels/ag-20230327_173915/"
Presets specified: ['high_quality']
Stack configuration (auto_stack=True): num_stack_levels=1, num_bag_folds=8, num_bag_sets=20
Beginning AutoGluon training ... Time limit = 32400s
AutoGluon will save models to "AutogluonModels/ag-20230327_173915/"
AutoGluon Version:  0.7.0
Python Version:     3.9.16
Operating System:   Linux
Platform Machine:   x86_64
Platform Version:   #1 SMP Debian 5.10.162-1 (2023-01-21)
Train Data Rows:    1332376
Train Data Columns: 11
Label Column: log_energy
Preprocessing data ...
AutoGluon infers your prediction problem is: 'regression' (because dtype of label-column == float and many unique label-values observed).
	Label info (max, min, mean, stddev): (4.998421793472894, 0.0883197179403681, 1.72097, 0.58295)
	If 'regression' is not the correct problem_type, please manually specify the problem_type parameter during predictor init (You may specify problem_type as one of: ['binary', 'multiclass', 'regression'])
Using Feature Generators to preprocess the data ...
Fitting AutoMLPipelineFeatureGenerator...
	Available Memory:                    104084.52 MB
	Train Data (Original)  Memory Usage: 117.25 MB (0.1% of available memory)
	Inferring data type of each feature based on column values. Set feature_metadata_in to manually specify special dtypes of the features.
	Stage 1 Generators:
		Fitting AsTypeFeatureGenerator...
	Stage 2 Generators:
		Fitting FillNaFeatureGenerator...
	Stage 3 Generators:
		Fitting IdentityFeatureGenerator...
	Stage 4 Generators:
		Fitting DropUniqueFeatureGenerator...
	Types of features in original data (raw dtype, special dtypes):
		('float', []) : 11 | ['S50', 'sectheta', 'nch', 'sumpf', 'summd', ...]
	Types of features in processed data (raw dtype, special dtypes):
		('float', []) : 11 | ['S50', 'sectheta', 'nch', 'sumpf', 'summd', ...]
	2.6s = Fit runtime
	11 features in original data used to generate 11 features in processed data.
	Train Data (Processed) Memory Usage: 117.25 MB (0.1% of available memory)
Data preprocessing and feature engineering runtime = 2.93s ...
AutoGluon will gauge predictive performance using evaluation metric: 'root_mean_squared_error'
	This metric's sign has been flipped to adhere to being higher_is_better. The metric score can be multiplied by -1 to get the metric value.
	To change this, specify the eval_metric parameter of Predictor()
AutoGluon will fit 2 stack levels (L1 to L2) ...
Fitting 11 L1 models ...
Fitting model: KNeighborsUnif_BAG_L1 ... Training model for up to 21592.65s of the 32397.07s of remaining time.
	-0.1734	 = Validation score   (-root_mean_squared_error)
	6.26s	 = Training   runtime
	575.91s	 = Validation runtime
Fitting model: KNeighborsDist_BAG_L1 ... Training model for up to 21007.33s of the 31811.76s of remaining time.
	-0.1733	 = Validation score   (-root_mean_squared_error)
	6.13s	 = Training   runtime
	582.06s	 = Validation runtime
Fitting model: LightGBMXT_BAG_L1 ... Training model for up to 20416.08s of the 31220.51s of remaining time.
	Fitting 8 child models (S1F1 - S1F8) | Fitting with ParallelLocalFoldFittingStrategy
	-0.149	 = Validation score   (-root_mean_squared_error)
	293.01s	 = Training   runtime
	590.75s	 = Validation runtime
Fitting model: LightGBM_BAG_L1 ... Training model for up to 20003.36s of the 30807.79s of remaining time.
	Fitting 8 child models (S1F1 - S1F8) | Fitting with ParallelLocalFoldFittingStrategy
	-0.1487	 = Validation score   (-root_mean_squared_error)
	188.37s	 = Training   runtime
	95.96s	 = Validation runtime
Fitting model: RandomForestMSE_BAG_L1 ... Training model for up to 19780.35s of the 30584.77s of remaining time.
	-0.1542	 = Validation score   (-root_mean_squared_error)
	130.39s	 = Training   runtime
	35.19s	 = Validation runtime
Fitting model: CatBoost_BAG_L1 ... Training model for up to 19607.76s of the 30412.19s of remaining time.
	Fitting 8 child models (S1F1 - S1F8) | Fitting with ParallelLocalFoldFittingStrategy
	-0.1493	 = Validation score   (-root_mean_squared_error)
	204.16s	 = Training   runtime
	0.58s	 = Validation runtime
Fitting model: ExtraTreesMSE_BAG_L1 ... Training model for up to 19385.3s of the 30189.72s of remaining time.
	-0.1555	 = Validation score   (-root_mean_squared_error)
	49.01s	 = Training   runtime
	33.93s	 = Validation runtime
Fitting model: NeuralNetFastAI_BAG_L1 ... Training model for up to 19295.62s of the 30100.04s of remaining time.
	Fitting 8 child models (S1F1 - S1F8) | Fitting with ParallelLocalFoldFittingStrategy
	-0.1545	 = Validation score   (-root_mean_squared_error)
	697.84s	 = Training   runtime
	5.82s	 = Validation runtime
Fitting model: XGBoost_BAG_L1 ... Training model for up to 18574.63s of the 29379.05s of remaining time.
	Fitting 8 child models (S1F1 - S1F8) | Fitting with ParallelLocalFoldFittingStrategy
	-0.149	 = Validation score   (-root_mean_squared_error)
	57.97s	 = Training   runtime
	12.07s	 = Validation runtime
Fitting model: NeuralNetTorch_BAG_L1 ... Training model for up to 18493.0s of the 29297.42s of remaining time.
	Fitting 8 child models (S1F1 - S1F8) | Fitting with ParallelLocalFoldFittingStrategy
	-0.1767	 = Validation score   (-root_mean_squared_error)
	550.83s	 = Training   runtime
	1.53s	 = Validation runtime
Fitting model: LightGBMLarge_BAG_L1 ... Training model for up to 17927.22s of the 28731.64s of remaining time.
	Fitting 8 child models (S1F1 - S1F8) | Fitting with ParallelLocalFoldFittingStrategy
	-0.1487	 = Validation score   (-root_mean_squared_error)
	168.69s	 = Training   runtime
	65.28s	 = Validation runtime
Repeating k-fold bagging: 2/20
Fitting model: LightGBMXT_BAG_L1 ... Training model for up to 17728.43s of the 28532.85s of remaining time.
	Fitting 8 child models (S2F1 - S2F8) | Fitting with ParallelLocalFoldFittingStrategy
	-0.1486	 = Validation score   (-root_mean_squared_error)
	580.11s	 = Training   runtime
	1237.92s	 = Validation runtime
Fitting model: LightGBM_BAG_L1 ... Training model for up to 17347.21s of the 28151.63s of remaining time.
	Fitting 8 child models (S2F1 - S2F8) | Fitting with ParallelLocalFoldFittingStrategy
	-0.1483	 = Validation score   (-root_mean_squared_error)
	358.58s	 = Training   runtime
	242.34s	 = Validation runtime
Fitting model: CatBoost_BAG_L1 ... Training model for up to 17138.86s of the 27943.29s of remaining time.
	Fitting 8 child models (S2F1 - S2F8) | Fitting with ParallelLocalFoldFittingStrategy
	-0.1492	 = Validation score   (-root_mean_squared_error)
	392.76s	 = Training   runtime
	1.16s	 = Validation runtime
Fitting model: NeuralNetFastAI_BAG_L1 ... Training model for up to 16926.68s of the 27731.1s of remaining time.
	Fitting 8 child models (S2F1 - S2F8) | Fitting with ParallelLocalFoldFittingStrategy
	-0.1526	 = Validation score   (-root_mean_squared_error)
	1382.73s	 = Training   runtime
	11.65s	 = Validation runtime
Fitting model: XGBoost_BAG_L1 ... Training model for up to 16218.44s of the 27022.86s of remaining time.
	Fitting 8 child models (S2F1 - S2F8) | Fitting with ParallelLocalFoldFittingStrategy
	-0.1487	 = Validation score   (-root_mean_squared_error)
	120.97s	 = Training   runtime
	26.8s	 = Validation runtime
Fitting model: NeuralNetTorch_BAG_L1 ... Training model for up to 16130.29s of the 26934.71s of remaining time.
	Fitting 8 child models (S2F1 - S2F8) | Fitting with ParallelLocalFoldFittingStrategy
	-0.1756	 = Validation score   (-root_mean_squared_error)
	1148.47s	 = Training   runtime
	3.11s	 = Validation runtime
Fitting model: LightGBMLarge_BAG_L1 ... Training model for up to 15516.67s of the 26321.09s of remaining time.
	Fitting 8 child models (S2F1 - S2F8) | Fitting with ParallelLocalFoldFittingStrategy
	-0.1484	 = Validation score   (-root_mean_squared_error)
	334.06s	 = Training   runtime
	124.71s	 = Validation runtime
Repeating k-fold bagging: 3/20
Fitting model: LightGBMXT_BAG_L1 ... Training model for up to 15320.07s of the 26124.49s of remaining time.
	Fitting 8 child models (S3F1 - S3F8) | Fitting with ParallelLocalFoldFittingStrategy
	-0.1485	 = Validation score   (-root_mean_squared_error)
	870.95s	 = Training   runtime
	1930.97s	 = Validation runtime
Fitting model: LightGBM_BAG_L1 ... Training model for up to 14927.24s of the 25731.66s of remaining time.
	Fitting 8 child models (S3F1 - S3F8) | Fitting with ParallelLocalFoldFittingStrategy
	-0.1482	 = Validation score   (-root_mean_squared_error)
	562.6s	 = Training   runtime
	345.22s	 = Validation runtime
Fitting model: CatBoost_BAG_L1 ... Training model for up to 14688.57s of the 25492.99s of remaining time.
	Fitting 8 child models (S3F1 - S3F8) | Fitting with ParallelLocalFoldFittingStrategy
	-0.1491	 = Validation score   (-root_mean_squared_error)
	615.2s	 = Training   runtime
	1.82s	 = Validation runtime
Fitting model: NeuralNetFastAI_BAG_L1 ... Training model for up to 14442.49s of the 25246.92s of remaining time.
	Fitting 8 child models (S3F1 - S3F8) | Fitting with ParallelLocalFoldFittingStrategy
	-0.1518	 = Validation score   (-root_mean_squared_error)
	2083.61s	 = Training   runtime
	17.45s	 = Validation runtime
Fitting model: XGBoost_BAG_L1 ... Training model for up to 13718.1s of the 24522.52s of remaining time.
	Fitting 8 child models (S3F1 - S3F8) | Fitting with ParallelLocalFoldFittingStrategy
	-0.1485	 = Validation score   (-root_mean_squared_error)
	180.91s	 = Training   runtime
	37.94s	 = Validation runtime
Fitting model: NeuralNetTorch_BAG_L1 ... Training model for up to 13631.66s of the 24436.08s of remaining time.
	Fitting 8 child models (S3F1 - S3F8) | Fitting with ParallelLocalFoldFittingStrategy
	-0.1749	 = Validation score   (-root_mean_squared_error)
	1664.16s	 = Training   runtime
	4.63s	 = Validation runtime
Fitting model: LightGBMLarge_BAG_L1 ... Training model for up to 13097.06s of the 23901.48s of remaining time.
	Fitting 8 child models (S3F1 - S3F8) | Fitting with ParallelLocalFoldFittingStrategy
	-0.1482	 = Validation score   (-root_mean_squared_error)
	500.34s	 = Training   runtime
	187.41s	 = Validation runtime
Repeating k-fold bagging: 4/20
Fitting model: LightGBMXT_BAG_L1 ... Training model for up to 12900.98s of the 23705.41s of remaining time.
	Fitting 8 child models (S4F1 - S4F8) | Fitting with ParallelLocalFoldFittingStrategy
	-0.1484	 = Validation score   (-root_mean_squared_error)
	1161.97s	 = Training   runtime
	2596.05s	 = Validation runtime
Fitting model: LightGBM_BAG_L1 ... Training model for up to 12513.14s of the 23317.56s of remaining time.
	Fitting 8 child models (S4F1 - S4F8) | Fitting with ParallelLocalFoldFittingStrategy
	-0.1481	 = Validation score   (-root_mean_squared_error)
	762.36s	 = Training   runtime
	452.31s	 = Validation runtime
Fitting model: CatBoost_BAG_L1 ... Training model for up to 12282.09s of the 23086.51s of remaining time.
	Fitting 8 child models (S4F1 - S4F8) | Fitting with ParallelLocalFoldFittingStrategy
	-0.1491	 = Validation score   (-root_mean_squared_error)
	832.13s	 = Training   runtime
	2.43s	 = Validation runtime
Fitting model: NeuralNetFastAI_BAG_L1 ... Training model for up to 12039.85s of the 22844.27s of remaining time.
	Fitting 8 child models (S4F1 - S4F8) | Fitting with ParallelLocalFoldFittingStrategy
	-0.1515	 = Validation score   (-root_mean_squared_error)
	2788.59s	 = Training   runtime
	23.32s	 = Validation runtime
Fitting model: XGBoost_BAG_L1 ... Training model for up to 11311.69s of the 22116.12s of remaining time.
	Fitting 8 child models (S4F1 - S4F8) | Fitting with ParallelLocalFoldFittingStrategy
	-0.1485	 = Validation score   (-root_mean_squared_error)
	241.67s	 = Training   runtime
	50.85s	 = Validation runtime
Fitting model: NeuralNetTorch_BAG_L1 ... Training model for up to 11225.49s of the 22029.91s of remaining time.
	Fitting 8 child models (S4F1 - S4F8) | Fitting with ParallelLocalFoldFittingStrategy
	-0.1751	 = Validation score   (-root_mean_squared_error)
	2242.79s	 = Training   runtime
	6.17s	 = Validation runtime
Fitting model: LightGBMLarge_BAG_L1 ... Training model for up to 10631.34s of the 21435.76s of remaining time.
	Fitting 8 child models (S4F1 - S4F8) | Fitting with ParallelLocalFoldFittingStrategy
	-0.1482	 = Validation score   (-root_mean_squared_error)
	683.87s	 = Training   runtime
	258.79s	 = Validation runtime
Repeating k-fold bagging: 5/20
Fitting model: LightGBMXT_BAG_L1 ... Training model for up to 10417.21s of the 21221.63s of remaining time.
	Fitting 8 child models (S5F1 - S5F8) | Fitting with ParallelLocalFoldFittingStrategy
	-0.1484	 = Validation score   (-root_mean_squared_error)
	1455.57s	 = Training   runtime
	3180.79s	 = Validation runtime
Fitting model: LightGBM_BAG_L1 ... Training model for up to 10042.23s of the 20846.65s of remaining time.
	Fitting 8 child models (S5F1 - S5F8) | Fitting with ParallelLocalFoldFittingStrategy
	-0.1481	 = Validation score   (-root_mean_squared_error)
	945.91s	 = Training   runtime
	573.07s	 = Validation runtime
Fitting model: CatBoost_BAG_L1 ... Training model for up to 9825.62s of the 20630.05s of remaining time.
	Fitting 8 child models (S5F1 - S5F8) | Fitting with ParallelLocalFoldFittingStrategy
	-0.149	 = Validation score   (-root_mean_squared_error)
	1045.18s	 = Training   runtime
	3.08s	 = Validation runtime
Fitting model: NeuralNetFastAI_BAG_L1 ... Training model for up to 9589.71s of the 20394.13s of remaining time.
	Fitting 8 child models (S5F1 - S5F8) | Fitting with ParallelLocalFoldFittingStrategy
	-0.1514	 = Validation score   (-root_mean_squared_error)
	3468.35s	 = Training   runtime
	29.23s	 = Validation runtime
Fitting model: XGBoost_BAG_L1 ... Training model for up to 8888.12s of the 19692.55s of remaining time.
	Fitting 8 child models (S5F1 - S5F8) | Fitting with ParallelLocalFoldFittingStrategy
	-0.1484	 = Validation score   (-root_mean_squared_error)
	300.08s	 = Training   runtime
	61.9s	 = Validation runtime
Fitting model: NeuralNetTorch_BAG_L1 ... Training model for up to 8804.41s of the 19608.84s of remaining time.
	Fitting 8 child models (S5F1 - S5F8) | Fitting with ParallelLocalFoldFittingStrategy
	-0.1752	 = Validation score   (-root_mean_squared_error)
	2777.8s	 = Training   runtime
	7.7s	 = Validation runtime
Fitting model: LightGBMLarge_BAG_L1 ... Training model for up to 8255.24s of the 19059.66s of remaining time.
	Fitting 8 child models (S5F1 - S5F8) | Fitting with ParallelLocalFoldFittingStrategy
	-0.1482	 = Validation score   (-root_mean_squared_error)
	857.23s	 = Training   runtime
	322.6s	 = Validation runtime
Repeating k-fold bagging: 6/20
Fitting model: LightGBMXT_BAG_L1 ... Training model for up to 8051.55s of the 18855.98s of remaining time.
	Fitting 8 child models (S6F1 - S6F8) | Fitting with ParallelLocalFoldFittingStrategy
	-0.1484	 = Validation score   (-root_mean_squared_error)
	1741.93s	 = Training   runtime
	3761.34s	 = Validation runtime
Fitting model: LightGBM_BAG_L1 ... Training model for up to 7674.8s of the 18479.22s of remaining time.
	Fitting 8 child models (S6F1 - S6F8) | Fitting with ParallelLocalFoldFittingStrategy
	-0.1481	 = Validation score   (-root_mean_squared_error)
	1129.76s	 = Training   runtime
	662.41s	 = Validation runtime
Fitting model: CatBoost_BAG_L1 ... Training model for up to 7460.0s of the 18264.43s of remaining time.
	Fitting 8 child models (S6F1 - S6F8) | Fitting with ParallelLocalFoldFittingStrategy
	-0.149	 = Validation score   (-root_mean_squared_error)
	1258.55s	 = Training   runtime
	3.72s	 = Validation runtime
Fitting model: NeuralNetFastAI_BAG_L1 ... Training model for up to 7225.68s of the 18030.11s of remaining time.
	Fitting 8 child models (S6F1 - S6F8) | Fitting with ParallelLocalFoldFittingStrategy
	-0.1511	 = Validation score   (-root_mean_squared_error)
	4248.44s	 = Training   runtime
	35.07s	 = Validation runtime
Fitting model: XGBoost_BAG_L1 ... Training model for up to 6424.37s of the 17228.8s of remaining time.
	Fitting 8 child models (S6F1 - S6F8) | Fitting with ParallelLocalFoldFittingStrategy
	-0.1484	 = Validation score   (-root_mean_squared_error)
	358.44s	 = Training   runtime
	74.1s	 = Validation runtime
Fitting model: NeuralNetTorch_BAG_L1 ... Training model for up to 6340.38s of the 17144.81s of remaining time.
	Fitting 8 child models (S6F1 - S6F8) | Fitting with ParallelLocalFoldFittingStrategy
	-0.1747	 = Validation score   (-root_mean_squared_error)
	3430.93s	 = Training   runtime
	9.23s	 = Validation runtime
Fitting model: LightGBMLarge_BAG_L1 ... Training model for up to 5671.46s of the 16475.89s of remaining time.
	Fitting 8 child models (S6F1 - S6F8) | Fitting with ParallelLocalFoldFittingStrategy
	-0.1481	 = Validation score   (-root_mean_squared_error)
	1034.68s	 = Training   runtime
	381.58s	 = Validation runtime
Repeating k-fold bagging: 7/20
Fitting model: LightGBMXT_BAG_L1 ... Training model for up to 5464.54s of the 16268.96s of remaining time.
	Fitting 8 child models (S7F1 - S7F8) | Fitting with ParallelLocalFoldFittingStrategy
	-0.1483	 = Validation score   (-root_mean_squared_error)
	2037.77s	 = Training   runtime
	4323.07s	 = Validation runtime
Fitting model: LightGBM_BAG_L1 ... Training model for up to 5089.44s of the 15893.86s of remaining time.
	Fitting 8 child models (S7F1 - S7F8) | Fitting with ParallelLocalFoldFittingStrategy
	-0.1481	 = Validation score   (-root_mean_squared_error)
	1310.05s	 = Training   runtime
	764.19s	 = Validation runtime
Fitting model: CatBoost_BAG_L1 ... Training model for up to 4874.63s of the 15679.05s of remaining time.
	Fitting 8 child models (S7F1 - S7F8) | Fitting with ParallelLocalFoldFittingStrategy
	-0.149	 = Validation score   (-root_mean_squared_error)
	1422.97s	 = Training   runtime
	4.26s	 = Validation runtime
Fitting model: NeuralNetFastAI_BAG_L1 ... Training model for up to 4686.68s of the 15491.1s of remaining time.
	Fitting 8 child models (S7F1 - S7F8) | Fitting with ParallelLocalFoldFittingStrategy
	-0.151	 = Validation score   (-root_mean_squared_error)
	5028.58s	 = Training   runtime
	40.92s	 = Validation runtime
Fitting model: XGBoost_BAG_L1 ... Training model for up to 3891.87s of the 14696.3s of remaining time.
	Fitting 8 child models (S7F1 - S7F8) | Fitting with ParallelLocalFoldFittingStrategy
	-0.1484	 = Validation score   (-root_mean_squared_error)
	417.37s	 = Training   runtime
	86.43s	 = Validation runtime
Fitting model: NeuralNetTorch_BAG_L1 ... Training model for up to 3803.43s of the 14607.85s of remaining time.
	Fitting 8 child models (S7F1 - S7F8) | Fitting with ParallelLocalFoldFittingStrategy
	-0.1746	 = Validation score   (-root_mean_squared_error)
	3977.83s	 = Training   runtime
	10.81s	 = Validation runtime
Fitting model: LightGBMLarge_BAG_L1 ... Training model for up to 3239.76s of the 14044.18s of remaining time.
	Fitting 8 child models (S7F1 - S7F8) | Fitting with ParallelLocalFoldFittingStrategy
	-0.1481	 = Validation score   (-root_mean_squared_error)
	1201.01s	 = Training   runtime
	448.24s	 = Validation runtime
Completed 7/20 k-fold bagging repeats ...
Fitting model: WeightedEnsemble_L2 ... Training model for up to 2159.26s of the 13842.32s of remaining time.
	-0.1478	 = Validation score   (-root_mean_squared_error)
	14.6s	 = Training   runtime
	0.03s	 = Validation runtime
Fitting 9 L2 models ...
Fitting model: LightGBMXT_BAG_L2 ... Training model for up to 13827.52s of the 13827.32s of remaining time.
	Fitting 8 child models (S1F1 - S1F8) | Fitting with ParallelLocalFoldFittingStrategy
	-0.1481	 = Validation score   (-root_mean_squared_error)
	193.79s	 = Training   runtime
	67.58s	 = Validation runtime
Fitting model: LightGBM_BAG_L2 ... Training model for up to 13598.96s of the 13598.74s of remaining time.
	Fitting 8 child models (S1F1 - S1F8) | Fitting with ParallelLocalFoldFittingStrategy
	-0.1478	 = Validation score   (-root_mean_squared_error)
	31.55s	 = Training   runtime
	3.46s	 = Validation runtime
Fitting model: RandomForestMSE_BAG_L2 ... Training model for up to 13539.79s of the 13539.57s of remaining time.
	-0.1478	 = Validation score   (-root_mean_squared_error)
	395.73s	 = Training   runtime
	52.06s	 = Validation runtime
Fitting model: CatBoost_BAG_L2 ... Training model for up to 13084.1s of the 13083.88s of remaining time.
	Fitting 8 child models (S1F1 - S1F8) | Fitting with ParallelLocalFoldFittingStrategy
	-0.1482	 = Validation score   (-root_mean_squared_error)
	50.01s	 = Training   runtime
	0.43s	 = Validation runtime
Fitting model: ExtraTreesMSE_BAG_L2 ... Training model for up to 13002.73s of the 13002.51s of remaining time.
	-0.1476	 = Validation score   (-root_mean_squared_error)
	98.14s	 = Training   runtime
	39.57s	 = Validation runtime
Fitting model: NeuralNetFastAI_BAG_L2 ... Training model for up to 12857.4s of the 12857.19s of remaining time.
	Fitting 8 child models (S1F1 - S1F8) | Fitting with ParallelLocalFoldFittingStrategy
	-0.1477	 = Validation score   (-root_mean_squared_error)
	905.94s	 = Training   runtime
	6.21s	 = Validation runtime
Fitting model: XGBoost_BAG_L2 ... Training model for up to 11919.06s of the 11918.85s of remaining time.
	Fitting 8 child models (S1F1 - S1F8) | Fitting with ParallelLocalFoldFittingStrategy
	-0.1478	 = Validation score   (-root_mean_squared_error)
	15.38s	 = Training   runtime
	2.08s	 = Validation runtime
Fitting model: NeuralNetTorch_BAG_L2 ... Training model for up to 11886.33s of the 11886.12s of remaining time.
	Fitting 8 child models (S1F1 - S1F8) | Fitting with ParallelLocalFoldFittingStrategy
	-0.1777	 = Validation score   (-root_mean_squared_error)
	537.97s	 = Training   runtime
	3.6s	 = Validation runtime
Fitting model: LightGBMLarge_BAG_L2 ... Training model for up to 11343.45s of the 11343.24s of remaining time.
	Fitting 8 child models (S1F1 - S1F8) | Fitting with ParallelLocalFoldFittingStrategy
	-0.1477	 = Validation score   (-root_mean_squared_error)
	34.14s	 = Training   runtime
	2.84s	 = Validation runtime
Repeating k-fold bagging: 2/20
Fitting model: LightGBMXT_BAG_L2 ... Training model for up to 11303.49s of the 11303.28s of remaining time.
	Fitting 8 child models (S2F1 - S2F8) | Fitting with ParallelLocalFoldFittingStrategy
	-0.148	 = Validation score   (-root_mean_squared_error)
	389.72s	 = Training   runtime
	135.92s	 = Validation runtime
Fitting model: LightGBM_BAG_L2 ... Training model for up to 11095.09s of the 11094.89s of remaining time.
	Fitting 8 child models (S2F1 - S2F8) | Fitting with ParallelLocalFoldFittingStrategy
	-0.1477	 = Validation score   (-root_mean_squared_error)
	59.02s	 = Training   runtime
	6.32s	 = Validation runtime
Fitting model: CatBoost_BAG_L2 ... Training model for up to 11061.76s of the 11061.55s of remaining time.
	Fitting 8 child models (S2F1 - S2F8) | Fitting with ParallelLocalFoldFittingStrategy
	-0.1482	 = Validation score   (-root_mean_squared_error)
	89.21s	 = Training   runtime
	0.99s	 = Validation runtime
Fitting model: NeuralNetFastAI_BAG_L2 ... Training model for up to 11018.5s of the 11018.29s of remaining time.
	Fitting 8 child models (S2F1 - S2F8) | Fitting with ParallelLocalFoldFittingStrategy
	-0.1476	 = Validation score   (-root_mean_squared_error)
	1776.14s	 = Training   runtime
	12.66s	 = Validation runtime
Fitting model: XGBoost_BAG_L2 ... Training model for up to 10143.76s of the 10143.55s of remaining time.
	Fitting 8 child models (S2F1 - S2F8) | Fitting with ParallelLocalFoldFittingStrategy
	-0.1478	 = Validation score   (-root_mean_squared_error)
	30.95s	 = Training   runtime
	4.26s	 = Validation runtime
Fitting model: NeuralNetTorch_BAG_L2 ... Training model for up to 10123.27s of the 10123.06s of remaining time.
	Fitting 8 child models (S2F1 - S2F8) | Fitting with ParallelLocalFoldFittingStrategy
	-0.1768	 = Validation score   (-root_mean_squared_error)
	1043.4s	 = Training   runtime
	7.29s	 = Validation runtime
Fitting model: LightGBMLarge_BAG_L2 ... Training model for up to 9613.41s of the 9613.19s of remaining time.
	Fitting 8 child models (S2F1 - S2F8) | Fitting with ParallelLocalFoldFittingStrategy
	-0.1477	 = Validation score   (-root_mean_squared_error)
	63.69s	 = Training   runtime
	5.86s	 = Validation runtime
Repeating k-fold bagging: 3/20
Fitting model: LightGBMXT_BAG_L2 ... Training model for up to 9578.96s of the 9578.75s of remaining time.
	Fitting 8 child models (S3F1 - S3F8) | Fitting with ParallelLocalFoldFittingStrategy
	-0.1479	 = Validation score   (-root_mean_squared_error)
	572.35s	 = Training   runtime
	190.97s	 = Validation runtime
Fitting model: LightGBM_BAG_L2 ... Training model for up to 9385.85s of the 9385.64s of remaining time.
	Fitting 8 child models (S3F1 - S3F8) | Fitting with ParallelLocalFoldFittingStrategy
	-0.1477	 = Validation score   (-root_mean_squared_error)
	88.7s	 = Training   runtime
	9.67s	 = Validation runtime
Fitting model: CatBoost_BAG_L2 ... Training model for up to 9350.98s of the 9350.78s of remaining time.
	Fitting 8 child models (S3F1 - S3F8) | Fitting with ParallelLocalFoldFittingStrategy
	-0.1481	 = Validation score   (-root_mean_squared_error)
	127.81s	 = Training   runtime
	1.76s	 = Validation runtime
Fitting model: NeuralNetFastAI_BAG_L2 ... Training model for up to 9308.53s of the 9308.31s of remaining time.
	Fitting 8 child models (S3F1 - S3F8) | Fitting with ParallelLocalFoldFittingStrategy
	-0.1476	 = Validation score   (-root_mean_squared_error)
	2646.57s	 = Training   runtime
	18.83s	 = Validation runtime
Fitting model: XGBoost_BAG_L2 ... Training model for up to 8433.5s of the 8433.29s of remaining time.
	Fitting 8 child models (S3F1 - S3F8) | Fitting with ParallelLocalFoldFittingStrategy
	-0.1478	 = Validation score   (-root_mean_squared_error)
	46.77s	 = Training   runtime
	6.28s	 = Validation runtime
Fitting model: NeuralNetTorch_BAG_L2 ... Training model for up to 8412.95s of the 8412.74s of remaining time.
	Fitting 8 child models (S3F1 - S3F8) | Fitting with ParallelLocalFoldFittingStrategy
	-0.1767	 = Validation score   (-root_mean_squared_error)
	1574.55s	 = Training   runtime
	10.93s	 = Validation runtime
Fitting model: LightGBMLarge_BAG_L2 ... Training model for up to 7877.66s of the 7877.45s of remaining time.
	Fitting 8 child models (S3F1 - S3F8) | Fitting with ParallelLocalFoldFittingStrategy
	-0.1477	 = Validation score   (-root_mean_squared_error)
	96.37s	 = Training   runtime
	8.99s	 = Validation runtime
Repeating k-fold bagging: 4/20
Fitting model: LightGBMXT_BAG_L2 ... Training model for up to 7840.07s of the 7839.86s of remaining time.
	Fitting 8 child models (S4F1 - S4F8) | Fitting with ParallelLocalFoldFittingStrategy
	-0.1479	 = Validation score   (-root_mean_squared_error)
	756.34s	 = Training   runtime
	253.19s	 = Validation runtime
Fitting model: LightGBM_BAG_L2 ... Training model for up to 7644.33s of the 7644.12s of remaining time.
	Fitting 8 child models (S4F1 - S4F8) | Fitting with ParallelLocalFoldFittingStrategy
	-0.1477	 = Validation score   (-root_mean_squared_error)
	118.1s	 = Training   runtime
	12.72s	 = Validation runtime
Fitting model: CatBoost_BAG_L2 ... Training model for up to 7609.92s of the 7609.71s of remaining time.
	Fitting 8 child models (S4F1 - S4F8) | Fitting with ParallelLocalFoldFittingStrategy
	-0.1481	 = Validation score   (-root_mean_squared_error)
	164.42s	 = Training   runtime
	2.25s	 = Validation runtime
Fitting model: NeuralNetFastAI_BAG_L2 ... Training model for up to 7569.25s of the 7569.05s of remaining time.
	Fitting 8 child models (S4F1 - S4F8) | Fitting with ParallelLocalFoldFittingStrategy
	-0.1476	 = Validation score   (-root_mean_squared_error)
	3514.33s	 = Training   runtime
	25.15s	 = Validation runtime
Fitting model: XGBoost_BAG_L2 ... Training model for up to 6696.52s of the 6696.31s of remaining time.
	Fitting 8 child models (S4F1 - S4F8) | Fitting with ParallelLocalFoldFittingStrategy
	-0.1478	 = Validation score   (-root_mean_squared_error)
	62.79s	 = Training   runtime
	8.52s	 = Validation runtime
Fitting model: NeuralNetTorch_BAG_L2 ... Training model for up to 6675.53s of the 6675.32s of remaining time.
	Fitting 8 child models (S4F1 - S4F8) | Fitting with ParallelLocalFoldFittingStrategy
	-0.1768	 = Validation score   (-root_mean_squared_error)
	2090.75s	 = Training   runtime
	14.56s	 = Validation runtime
Fitting model: LightGBMLarge_BAG_L2 ... Training model for up to 6154.92s of the 6154.72s of remaining time.
	Fitting 8 child models (S4F1 - S4F8) | Fitting with ParallelLocalFoldFittingStrategy
	-0.1477	 = Validation score   (-root_mean_squared_error)
	126.13s	 = Training   runtime
	11.87s	 = Validation runtime
Repeating k-fold bagging: 5/20
Fitting model: LightGBMXT_BAG_L2 ... Training model for up to 6120.14s of the 6119.93s of remaining time.
	Fitting 8 child models (S5F1 - S5F8) | Fitting with ParallelLocalFoldFittingStrategy
	-0.1479	 = Validation score   (-root_mean_squared_error)
	965.53s	 = Training   runtime
	321.25s	 = Validation runtime
Fitting model: LightGBM_BAG_L2 ... Training model for up to 5899.85s of the 5899.64s of remaining time.
	Fitting 8 child models (S5F1 - S5F8) | Fitting with ParallelLocalFoldFittingStrategy
	-0.1477	 = Validation score   (-root_mean_squared_error)
	146.2s	 = Training   runtime
	15.94s	 = Validation runtime
Fitting model: CatBoost_BAG_L2 ... Training model for up to 5866.1s of the 5865.87s of remaining time.
	Fitting 8 child models (S5F1 - S5F8) | Fitting with ParallelLocalFoldFittingStrategy
	-0.1481	 = Validation score   (-root_mean_squared_error)
	211.27s	 = Training   runtime
	2.67s	 = Validation runtime
Fitting model: NeuralNetFastAI_BAG_L2 ... Training model for up to 5815.07s of the 5814.86s of remaining time.
	Fitting 8 child models (S5F1 - S5F8) | Fitting with ParallelLocalFoldFittingStrategy
	-0.1476	 = Validation score   (-root_mean_squared_error)
	4394.01s	 = Training   runtime
	31.53s	 = Validation runtime
Fitting model: XGBoost_BAG_L2 ... Training model for up to 4930.5s of the 4930.29s of remaining time.
	Fitting 8 child models (S5F1 - S5F8) | Fitting with ParallelLocalFoldFittingStrategy
	-0.1478	 = Validation score   (-root_mean_squared_error)
	78.05s	 = Training   runtime
	10.62s	 = Validation runtime
Fitting model: NeuralNetTorch_BAG_L2 ... Training model for up to 4910.3s of the 4910.09s of remaining time.
	Fitting 8 child models (S5F1 - S5F8) | Fitting with ParallelLocalFoldFittingStrategy
	-0.1766	 = Validation score   (-root_mean_squared_error)
	2651.79s	 = Training   runtime
	18.19s	 = Validation runtime
Fitting model: LightGBMLarge_BAG_L2 ... Training model for up to 4344.87s of the 4344.65s of remaining time.
	Fitting 8 child models (S5F1 - S5F8) | Fitting with ParallelLocalFoldFittingStrategy
	-0.1477	 = Validation score   (-root_mean_squared_error)
	158.48s	 = Training   runtime
	14.83s	 = Validation runtime
Repeating k-fold bagging: 6/20
Fitting model: LightGBMXT_BAG_L2 ... Training model for up to 4307.5s of the 4307.3s of remaining time.
	Fitting 8 child models (S6F1 - S6F8) | Fitting with ParallelLocalFoldFittingStrategy
	-0.1479	 = Validation score   (-root_mean_squared_error)
	1180.21s	 = Training   runtime
	397.58s	 = Validation runtime
Fitting model: LightGBM_BAG_L2 ... Training model for up to 4080.19s of the 4079.98s of remaining time.
	Fitting 8 child models (S6F1 - S6F8) | Fitting with ParallelLocalFoldFittingStrategy
	-0.1477	 = Validation score   (-root_mean_squared_error)
	174.16s	 = Training   runtime
	19.16s	 = Validation runtime
Fitting model: CatBoost_BAG_L2 ... Training model for up to 4046.7s of the 4046.49s of remaining time.
	Fitting 8 child models (S6F1 - S6F8) | Fitting with ParallelLocalFoldFittingStrategy
	-0.1481	 = Validation score   (-root_mean_squared_error)
	243.68s	 = Training   runtime
	3.17s	 = Validation runtime
Fitting model: NeuralNetFastAI_BAG_L2 ... Training model for up to 4010.21s of the 4010.0s of remaining time.
	Fitting 8 child models (S6F1 - S6F8) | Fitting with ParallelLocalFoldFittingStrategy
	-0.1476	 = Validation score   (-root_mean_squared_error)
	5257.57s	 = Training   runtime
	38.06s	 = Validation runtime
Fitting model: XGBoost_BAG_L2 ... Training model for up to 3141.46s of the 3141.26s of remaining time.
	Fitting 8 child models (S6F1 - S6F8) | Fitting with ParallelLocalFoldFittingStrategy
	-0.1477	 = Validation score   (-root_mean_squared_error)
	94.45s	 = Training   runtime
	12.69s	 = Validation runtime
Fitting model: NeuralNetTorch_BAG_L2 ... Training model for up to 3119.73s of the 3119.52s of remaining time.
	Fitting 8 child models (S6F1 - S6F8) | Fitting with ParallelLocalFoldFittingStrategy
	-0.176	 = Validation score   (-root_mean_squared_error)
	3198.45s	 = Training   runtime
	21.88s	 = Validation runtime
Fitting model: LightGBMLarge_BAG_L2 ... Training model for up to 2568.2s of the 2567.99s of remaining time.
	Fitting 8 child models (S6F1 - S6F8) | Fitting with ParallelLocalFoldFittingStrategy
	-0.1477	 = Validation score   (-root_mean_squared_error)
	191.59s	 = Training   runtime
	17.88s	 = Validation runtime
Repeating k-fold bagging: 7/20
Fitting model: LightGBMXT_BAG_L2 ... Training model for up to 2529.78s of the 2529.57s of remaining time.
	Fitting 8 child models (S7F1 - S7F8) | Fitting with ParallelLocalFoldFittingStrategy
	-0.1479	 = Validation score   (-root_mean_squared_error)
	1381.96s	 = Training   runtime
	467.29s	 = Validation runtime
Fitting model: LightGBM_BAG_L2 ... Training model for up to 2315.46s of the 2315.25s of remaining time.
	Fitting 8 child models (S7F1 - S7F8) | Fitting with ParallelLocalFoldFittingStrategy
	-0.1477	 = Validation score   (-root_mean_squared_error)
	201.54s	 = Training   runtime
	22.6s	 = Validation runtime
Fitting model: CatBoost_BAG_L2 ... Training model for up to 2282.3s of the 2282.09s of remaining time.
	Fitting 8 child models (S7F1 - S7F8) | Fitting with ParallelLocalFoldFittingStrategy
	-0.1481	 = Validation score   (-root_mean_squared_error)
	289.52s	 = Training   runtime
	3.6s	 = Validation runtime
Fitting model: NeuralNetFastAI_BAG_L2 ... Training model for up to 2231.83s of the 2231.61s of remaining time.
	Fitting 8 child models (S7F1 - S7F8) | Fitting with ParallelLocalFoldFittingStrategy
	-0.1476	 = Validation score   (-root_mean_squared_error)
	6130.9s	 = Training   runtime
	44.3s	 = Validation runtime
Fitting model: XGBoost_BAG_L2 ... Training model for up to 1353.51s of the 1353.29s of remaining time.
	Fitting 8 child models (S7F1 - S7F8) | Fitting with ParallelLocalFoldFittingStrategy
	-0.1477	 = Validation score   (-root_mean_squared_error)
	110.01s	 = Training   runtime
	14.81s	 = Validation runtime
Fitting model: NeuralNetTorch_BAG_L2 ... Training model for up to 1332.76s of the 1332.55s of remaining time.
	Fitting 8 child models (S7F1 - S7F8) | Fitting with ParallelLocalFoldFittingStrategy
	-0.1758	 = Validation score   (-root_mean_squared_error)
	3691.91s	 = Training   runtime
	25.51s	 = Validation runtime
Fitting model: LightGBMLarge_BAG_L2 ... Training model for up to 834.65s of the 834.44s of remaining time.
	Fitting 8 child models (S7F1 - S7F8) | Fitting with ParallelLocalFoldFittingStrategy
	-0.1477	 = Validation score   (-root_mean_squared_error)
	224.05s	 = Training   runtime
	20.72s	 = Validation runtime
Completed 7/20 k-fold bagging repeats ...
Fitting model: WeightedEnsemble_L3 ... Training model for up to 1382.75s of the 795.95s of remaining time.
	-0.1475	 = Validation score   (-root_mean_squared_error)
	12.84s	 = Training   runtime
	0.02s	 = Validation runtime
AutoGluon training complete, total runtime = 31618.33s ... Best model: "WeightedEnsemble_L3"
Automatically performing refit_full as a post-fit operation (due to `.fit(..., refit_full=True)`
Refitting models via `predictor.refit_full` using all of the data (combined train and validation)...
	Models trained in this way will have the suffix "_FULL" and have NaN validation score.
	This process is not bound by time_limit, but should take less time than the original `predictor.fit` call.
	To learn more, refer to the `.refit_full` method docstring which explains how "_FULL" models differ from normal models.
Fitting model: KNeighborsUnif_BAG_L1_FULL | Skipping fit via cloning parent ...
	6.26s	 = Training   runtime
	575.91s	 = Validation runtime
Fitting model: KNeighborsDist_BAG_L1_FULL | Skipping fit via cloning parent ...
	6.13s	 = Training   runtime
	582.06s	 = Validation runtime
Fitting 1 L1 models ...
Fitting model: LightGBMXT_BAG_L1_FULL ...
	83.06s	 = Training   runtime
Fitting 1 L1 models ...
Fitting model: LightGBM_BAG_L1_FULL ...
	46.38s	 = Training   runtime
Fitting model: RandomForestMSE_BAG_L1_FULL | Skipping fit via cloning parent ...
	130.39s	 = Training   runtime
	35.19s	 = Validation runtime
Fitting 1 L1 models ...
Fitting model: CatBoost_BAG_L1_FULL ...
/home2/hky/miniconda3/envs/d2l/lib/python3.9/site-packages/catboost/core.py:1222: FutureWarning: iteritems is deprecated and will be removed in a future version. Use .items instead.
  self._init_pool(data, label, cat_features, text_features, embedding_features, pairs, weight,
	199.89s	 = Training   runtime
Fitting model: ExtraTreesMSE_BAG_L1_FULL | Skipping fit via cloning parent ...
	49.01s	 = Training   runtime
	33.93s	 = Validation runtime
Fitting 1 L1 models ...
Fitting model: NeuralNetFastAI_BAG_L1_FULL ...
	Stopping at the best epoch learned earlier - 3.
	78.25s	 = Training   runtime
Fitting 1 L1 models ...
Fitting model: XGBoost_BAG_L1_FULL ...
	17.83s	 = Training   runtime
Fitting 1 L1 models ...
Fitting model: NeuralNetTorch_BAG_L1_FULL ...
	31.67s	 = Training   runtime
Fitting 1 L1 models ...
Fitting model: LightGBMLarge_BAG_L1_FULL ...
	54.71s	 = Training   runtime
Fitting model: WeightedEnsemble_L2_FULL | Skipping fit via cloning parent ...
	14.6s	 = Training   runtime
Fitting 1 L2 models ...
Fitting model: LightGBMXT_BAG_L2_FULL ...
	45.64s	 = Training   runtime
Fitting 1 L2 models ...
Fitting model: LightGBM_BAG_L2_FULL ...
	6.89s	 = Training   runtime
Fitting model: RandomForestMSE_BAG_L2_FULL | Skipping fit via cloning parent ...
	395.73s	 = Training   runtime
	52.06s	 = Validation runtime
Fitting 1 L2 models ...
Fitting model: CatBoost_BAG_L2_FULL ...
/home2/hky/miniconda3/envs/d2l/lib/python3.9/site-packages/catboost/core.py:1222: FutureWarning: iteritems is deprecated and will be removed in a future version. Use .items instead.
  self._init_pool(data, label, cat_features, text_features, embedding_features, pairs, weight,
	42.89s	 = Training   runtime
Fitting model: ExtraTreesMSE_BAG_L2_FULL | Skipping fit via cloning parent ...
	98.14s	 = Training   runtime
	39.57s	 = Validation runtime
Fitting 1 L2 models ...
Fitting model: NeuralNetFastAI_BAG_L2_FULL ...
	Stopping at the best epoch learned earlier - 23.
	458.32s	 = Training   runtime
Fitting 1 L2 models ...
Fitting model: XGBoost_BAG_L2_FULL ...
	4.62s	 = Training   runtime
Fitting 1 L2 models ...
Fitting model: NeuralNetTorch_BAG_L2_FULL ...
	28.76s	 = Training   runtime
Fitting 1 L2 models ...
Fitting model: LightGBMLarge_BAG_L2_FULL ...
	7.7s	 = Training   runtime
Fitting model: WeightedEnsemble_L3_FULL | Skipping fit via cloning parent ...
	12.84s	 = Training   runtime
Refit complete, total runtime = 1294.54s
TabularPredictor saved. To load, use: predictor = TabularPredictor.load("AutogluonModels/ag-20230327_173915/")
Loaded data from: /home2/hky/github/Gamma_Energy/AllSky/MC_test_AllSky_Data_transformed.csv | Columns = 12 / 12 | Rows = 888252 -> 888252
/home2/hky/miniconda3/envs/d2l/lib/python3.9/site-packages/catboost/core.py:1222: FutureWarning: iteritems is deprecated and will be removed in a future version. Use .items instead.
  self._init_pool(data, label, cat_features, text_features, embedding_features, pairs, weight,
